[DEBUG] 2020-05-13 00:47:06.345 [main] App - [34mIdProducer –±—ã–ª –ø—Ä–æ–∏–Ω–∏—Ü–∏–∏—Ä–æ–≤–∞–Ω –£–°–ü–ï–®–ù–û.[0m
[DEBUG] 2020-05-13 00:47:06.358 [main] App - [34mStudyGroupFactory –±—ã–ª –ø—Ä–æ–∏–Ω–∏—Ü–∏–∏—Ä–æ–≤–∞–Ω –£–°–ü–ï–®–ù–û.[0m
[DEBUG] 2020-05-13 00:47:06.931 [main] App - [34mIStudyGroupRepository –±—ã–ª –ø—Ä–æ–∏–Ω–∏—Ü–∏–∏—Ä–æ–≤–∞–Ω –£–°–ü–ï–®–ù–û.[0m
[DEBUG] 2020-05-13 00:47:06.933 [main] App - [34mHstoryRepository –±—ã–ª —Å–æ–∑–¥–∞–Ω –£–°–ü–ï–®–ù–û.[0m
[DEBUG] 2020-05-13 00:47:06.984 [main] App - [34mInterpretator –±—ã–ª —Å–æ–∑–¥–∞–Ω –£–°–ü–ï–®–ù–û.[0m
[DEBUG] 2020-05-13 00:47:06.986 [main] App - [34mController –±—ã–ª —Å–æ–∑–¥–∞–Ω –£–°–ü–ï–®–ù–û.[0m
[DEBUG] 2020-05-13 00:47:07.017 [main] App - [34mConsole –±—ã–ª —Å–æ–∑–¥–∞–Ω –£–°–ü–ï–®–ù–û.[0m
[INFO ] 2020-05-13 00:47:07.020 [main] App - [37mApp is starting...[0m
[INFO ] 2020-05-13 00:47:07.021 [main] Console - [37m–í–≤–æ–¥ –∫–æ–º–∞–Ω–¥—ã...[0m
[INFO ] 2020-05-13 00:47:32.649 [main] Console - [37m–ö–æ–º–∞–Ω–¥–∞ –≤–≤–µ–¥–µ–Ω–∞.[0m
[DEBUG] 2020-05-13 00:47:32.650 [main] Console - [34mHashMap –¥–ª—è –∞—Ä–≥—É–º–µ–Ω—Ç–æ–≤ –±—ã–ª–∞ —Å–æ–∑–¥–∞–Ω–∞.[0m
[INFO ] 2020-05-13 00:47:32.672 [main] Console - [37m–í–≤–æ–¥ –∫–æ–º–∞–Ω–¥—ã...[0m
[WARN ] 2020-05-13 00:51:04.147 [main] Console - [33m–ë—ã–ª–∞ –≤–≤–µ–¥–µ–Ω–∞ –ø—É—Å—Ç–∞—è —Å—Ç—Ä–æ–∫–∞.[0m
[INFO ] 2020-05-13 00:51:04.148 [main] Console - [37m–í–≤–æ–¥ –∫–æ–º–∞–Ω–¥—ã...[0m
[WARN ] 2020-05-13 00:51:04.148 [main] Console - [33m–ë—ã–ª–∞ –≤–≤–µ–¥–µ–Ω–∞ –ø—É—Å—Ç–∞—è —Å—Ç—Ä–æ–∫–∞.[0m
[INFO ] 2020-05-13 00:51:04.148 [main] Console - [37m–í–≤–æ–¥ –∫–æ–º–∞–Ω–¥—ã...[0m
[WARN ] 2020-05-13 00:51:04.148 [main] Console - [33m–ë—ã–ª–∞ –≤–≤–µ–¥–µ–Ω–∞ –ø—É—Å—Ç–∞—è —Å—Ç—Ä–æ–∫–∞.[0m
[INFO ] 2020-05-13 00:51:04.148 [main] Console - [37m–í–≤–æ–¥ –∫–æ–º–∞–Ω–¥—ã...[0m
[WARN ] 2020-05-13 00:51:04.149 [main] Console - [33m–ë—ã–ª–∞ –≤–≤–µ–¥–µ–Ω–∞ –ø—É—Å—Ç–∞—è —Å—Ç—Ä–æ–∫–∞.[0m
[INFO ] 2020-05-13 00:51:04.149 [main] Console - [37m–í–≤–æ–¥ –∫–æ–º–∞–Ω–¥—ã...[0m
[WARN ] 2020-05-13 00:51:04.149 [main] Console - [33m–ë—ã–ª–∞ –≤–≤–µ–¥–µ–Ω–∞ –ø—É—Å—Ç–∞—è —Å—Ç—Ä–æ–∫–∞.[0m
[INFO ] 2020-05-13 00:51:04.149 [main] Console - [37m–í–≤–æ–¥ –∫–æ–º–∞–Ω–¥—ã...[0m
[WARN ] 2020-05-13 00:51:04.149 [main] Console - [33m–ë—ã–ª–∞ –≤–≤–µ–¥–µ–Ω–∞ –ø—É—Å—Ç–∞—è —Å—Ç—Ä–æ–∫–∞.[0m
[INFO ] 2020-05-13 00:51:04.150 [main] Console - [37m–í–≤–æ–¥ –∫–æ–º–∞–Ω–¥—ã...[0m
[WARN ] 2020-05-13 00:51:04.150 [main] Console - [33m–ë—ã–ª–∞ –≤–≤–µ–¥–µ–Ω–∞ –ø—É—Å—Ç–∞—è —Å—Ç—Ä–æ–∫–∞.[0m
[INFO ] 2020-05-13 00:51:04.150 [main] Console - [37m–í–≤–æ–¥ –∫–æ–º–∞–Ω–¥—ã...[0m
[WARN ] 2020-05-13 00:51:04.150 [main] Console - [33m–ë—ã–ª–∞ –≤–≤–µ–¥–µ–Ω–∞ –ø—É—Å—Ç–∞—è —Å—Ç—Ä–æ–∫–∞.[0m
[INFO ] 2020-05-13 00:51:04.150 [main] Console - [37m–í–≤–æ–¥ –∫–æ–º–∞–Ω–¥—ã...[0m
[WARN ] 2020-05-13 00:51:04.151 [main] Console - [33m–ë—ã–ª–∞ –≤–≤–µ–¥–µ–Ω–∞ –ø—É—Å—Ç–∞—è —Å—Ç—Ä–æ–∫–∞.[0m
[INFO ] 2020-05-13 00:51:04.151 [main] Console - [37m–í–≤–æ–¥ –∫–æ–º–∞–Ω–¥—ã...[0m
[WARN ] 2020-05-13 00:51:04.151 [main] Console - [33m–ë—ã–ª–∞ –≤–≤–µ–¥–µ–Ω–∞ –ø—É—Å—Ç–∞—è —Å—Ç—Ä–æ–∫–∞.[0m
[INFO ] 2020-05-13 00:51:04.151 [main] Console - [37m–í–≤–æ–¥ –∫–æ–º–∞–Ω–¥—ã...[0m
[WARN ] 2020-05-13 00:51:04.152 [main] Console - [33m–ë—ã–ª–∞ –≤–≤–µ–¥–µ–Ω–∞ –ø—É—Å—Ç–∞—è —Å—Ç—Ä–æ–∫–∞.[0m
[INFO ] 2020-05-13 00:51:04.152 [main] Console - [37m–í–≤–æ–¥ –∫–æ–º–∞–Ω–¥—ã...[0m
[WARN ] 2020-05-13 00:51:04.152 [main] Console - [33m–ë—ã–ª–∞ –≤–≤–µ–¥–µ–Ω–∞ –ø—É—Å—Ç–∞—è —Å—Ç—Ä–æ–∫–∞.[0m
[INFO ] 2020-05-13 00:51:04.152 [main] Console - [37m–í–≤–æ–¥ –∫–æ–º–∞–Ω–¥—ã...[0m
[WARN ] 2020-05-13 00:51:04.152 [main] Console - [33m–ë—ã–ª–∞ –≤–≤–µ–¥–µ–Ω–∞ –ø—É—Å—Ç–∞—è —Å—Ç—Ä–æ–∫–∞.[0m
[INFO ] 2020-05-13 00:51:04.153 [main] Console - [37m–í–≤–æ–¥ –∫–æ–º–∞–Ω–¥—ã...[0m
[WARN ] 2020-05-13 00:51:04.153 [main] Console - [33m–ë—ã–ª–∞ –≤–≤–µ–¥–µ–Ω–∞ –ø—É—Å—Ç–∞—è —Å—Ç—Ä–æ–∫–∞.[0m
[INFO ] 2020-05-13 00:51:04.153 [main] Console - [37m–í–≤–æ–¥ –∫–æ–º–∞–Ω–¥—ã...[0m
[WARN ] 2020-05-13 00:51:04.153 [main] Console - [33m–ë—ã–ª–∞ –≤–≤–µ–¥–µ–Ω–∞ –ø—É—Å—Ç–∞—è —Å—Ç—Ä–æ–∫–∞.[0m
[INFO ] 2020-05-13 00:51:04.154 [main] Console - [37m–í–≤–æ–¥ –∫–æ–º–∞–Ω–¥—ã...[0m
[WARN ] 2020-05-13 00:51:04.154 [main] Console - [33m–ë—ã–ª–∞ –≤–≤–µ–¥–µ–Ω–∞ –ø—É—Å—Ç–∞—è —Å—Ç—Ä–æ–∫–∞.[0m
[INFO ] 2020-05-13 00:51:04.154 [main] Console - [37m–í–≤–æ–¥ –∫–æ–º–∞–Ω–¥—ã...[0m
[WARN ] 2020-05-13 00:51:04.154 [main] Console - [33m–ë—ã–ª–∞ –≤–≤–µ–¥–µ–Ω–∞ –ø—É—Å—Ç–∞—è —Å—Ç—Ä–æ–∫–∞.[0m
[INFO ] 2020-05-13 00:51:04.155 [main] Console - [37m–í–≤–æ–¥ –∫–æ–º–∞–Ω–¥—ã...[0m
[WARN ] 2020-05-13 00:51:04.155 [main] Console - [33m–ë—ã–ª–∞ –≤–≤–µ–¥–µ–Ω–∞ –ø—É—Å—Ç–∞—è —Å—Ç—Ä–æ–∫–∞.[0m
[INFO ] 2020-05-13 00:51:04.155 [main] Console - [37m–í–≤–æ–¥ –∫–æ–º–∞–Ω–¥—ã...[0m
[WARN ] 2020-05-13 00:51:04.155 [main] Console - [33m–ë—ã–ª–∞ –≤–≤–µ–¥–µ–Ω–∞ –ø—É—Å—Ç–∞—è —Å—Ç—Ä–æ–∫–∞.[0m
[INFO ] 2020-05-13 00:51:04.155 [main] Console - [37m–í–≤–æ–¥ –∫–æ–º–∞–Ω–¥—ã...[0m
[WARN ] 2020-05-13 00:51:04.156 [main] Console - [33m–ë—ã–ª–∞ –≤–≤–µ–¥–µ–Ω–∞ –ø—É—Å—Ç–∞—è —Å—Ç—Ä–æ–∫–∞.[0m
[DEBUG] 2020-05-13 23:30:32.148 [main] App - [34mIdProducer –±—ã–ª –ø—Ä–æ–∏–Ω–∏—Ü–∏–∏—Ä–æ–≤–∞–Ω –£–°–ü–ï–®–ù–û.[0m
[DEBUG] 2020-05-13 23:30:32.156 [main] App - [34mStudyGroupFactory –±—ã–ª –ø—Ä–æ–∏–Ω–∏—Ü–∏–∏—Ä–æ–≤–∞–Ω –£–°–ü–ï–®–ù–û.[0m
[DEBUG] 2020-05-13 23:30:32.353 [main] App - [34mIStudyGroupRepository –±—ã–ª –ø—Ä–æ–∏–Ω–∏—Ü–∏–∏—Ä–æ–≤–∞–Ω –£–°–ü–ï–®–ù–û.[0m
[DEBUG] 2020-05-13 23:30:32.356 [main] App - [34mHstoryRepository –±—ã–ª —Å–æ–∑–¥–∞–Ω –£–°–ü–ï–®–ù–û.[0m
[DEBUG] 2020-05-13 23:30:32.381 [main] App - [34mInterpretator –±—ã–ª —Å–æ–∑–¥–∞–Ω –£–°–ü–ï–®–ù–û.[0m
[DEBUG] 2020-05-13 23:30:32.382 [main] App - [34mController –±—ã–ª —Å–æ–∑–¥–∞–Ω –£–°–ü–ï–®–ù–û.[0m
[DEBUG] 2020-05-13 23:30:32.409 [main] App - [34mConsole –±—ã–ª —Å–æ–∑–¥–∞–Ω –£–°–ü–ï–®–ù–û.[0m
[INFO ] 2020-05-13 23:30:32.409 [main] App - [37mApp is starting...[0m
[INFO ] 2020-05-13 23:30:32.409 [main] Console - [37m–í–≤–æ–¥ –∫–æ–º–∞–Ω–¥—ã...[0m
[INFO ] 2020-05-13 23:39:46.137 [main] Console - [37m–ö–æ–º–∞–Ω–¥–∞ –≤–≤–µ–¥–µ–Ω–∞.[0m
[DEBUG] 2020-05-13 23:39:46.137 [main] Console - [34mHashMap –¥–ª—è –∞—Ä–≥—É–º–µ–Ω—Ç–æ–≤ –±—ã–ª–∞ —Å–æ–∑–¥–∞–Ω–∞.[0m
[DEBUG] 2020-05-14 13:01:15.147 [main] App - [34mIdProducer –±—ã–ª –ø—Ä–æ–∏–Ω–∏—Ü–∏–∏—Ä–æ–≤–∞–Ω –£–°–ü–ï–®–ù–û.[0m
[DEBUG] 2020-05-14 13:01:15.163 [main] App - [34mStudyGroupFactory –±—ã–ª –ø—Ä–æ–∏–Ω–∏—Ü–∏–∏—Ä–æ–≤–∞–Ω –£–°–ü–ï–®–ù–û.[0m
[DEBUG] 2020-05-14 13:01:15.497 [main] App - [34mIStudyGroupRepository –±—ã–ª –ø—Ä–æ–∏–Ω–∏—Ü–∏–∏—Ä–æ–≤–∞–Ω –£–°–ü–ï–®–ù–û.[0m
[DEBUG] 2020-05-14 13:01:15.499 [main] App - [34mHstoryRepository –±—ã–ª —Å–æ–∑–¥–∞–Ω –£–°–ü–ï–®–ù–û.[0m
[DEBUG] 2020-05-14 13:01:15.556 [main] App - [34mInterpretator –±—ã–ª —Å–æ–∑–¥–∞–Ω –£–°–ü–ï–®–ù–û.[0m
[DEBUG] 2020-05-14 13:01:15.559 [main] App - [34mController –±—ã–ª —Å–æ–∑–¥–∞–Ω –£–°–ü–ï–®–ù–û.[0m
[DEBUG] 2020-05-14 13:01:15.597 [main] App - [34mConsole –±—ã–ª —Å–æ–∑–¥–∞–Ω –£–°–ü–ï–®–ù–û.[0m
[INFO ] 2020-05-14 13:01:15.597 [main] App - [37mApp is starting...[0m
[INFO ] 2020-05-14 13:01:15.598 [main] Console - [37m–í–≤–æ–¥ –∫–æ–º–∞–Ω–¥—ã...[0m
[INFO ] 2020-05-14 13:04:20.985 [main] Console - [37m–ö–æ–º–∞–Ω–¥–∞ –≤–≤–µ–¥–µ–Ω–∞.[0m
[DEBUG] 2020-05-14 13:04:20.986 [main] Console - [34mHashMap –¥–ª—è –∞—Ä–≥—É–º–µ–Ω—Ç–æ–≤ –±—ã–ª–∞ —Å–æ–∑–¥–∞–Ω–∞.[0m
[DEBUG] 2020-05-14 13:05:01.276 [main] App - [34mIdProducer ·˚Î ÔÓËÌËˆËËÓ‚‡Ì ”—œ≈ÿÕŒ.[0m
[DEBUG] 2020-05-14 13:05:01.286 [main] App - [34mStudyGroupFactory ·˚Î ÔÓËÌËˆËËÓ‚‡Ì ”—œ≈ÿÕŒ.[0m
[DEBUG] 2020-05-14 13:05:01.474 [main] App - [34mIStudyGroupRepository ·˚Î ÔÓËÌËˆËËÓ‚‡Ì ”—œ≈ÿÕŒ.[0m
[DEBUG] 2020-05-14 13:05:01.476 [main] App - [34mHstoryRepository ·˚Î ÒÓÁ‰‡Ì ”—œ≈ÿÕŒ.[0m
[DEBUG] 2020-05-14 13:05:01.525 [main] App - [34mInterpretator ·˚Î ÒÓÁ‰‡Ì ”—œ≈ÿÕŒ.[0m
[DEBUG] 2020-05-14 13:05:01.527 [main] App - [34mController ·˚Î ÒÓÁ‰‡Ì ”—œ≈ÿÕŒ.[0m
[DEBUG] 2020-05-14 13:05:01.554 [main] App - [34mConsole ·˚Î ÒÓÁ‰‡Ì ”—œ≈ÿÕŒ.[0m
[INFO ] 2020-05-14 13:05:01.555 [main] App - [37mApp is starting...[0m
[INFO ] 2020-05-14 13:05:01.556 [main] Console - [37m¬‚Ó‰ ÍÓÏ‡Ì‰˚...[0m
[INFO ] 2020-05-14 13:05:10.932 [main] Console - [37m ÓÏ‡Ì‰‡ ‚‚Â‰ÂÌ‡.[0m
[DEBUG] 2020-05-14 13:05:10.934 [main] Console - [34mHashMap ‰Îˇ ‡„ÛÏÂÌÚÓ‚ ·˚Î‡ ÒÓÁ‰‡Ì‡.[0m
